<?xml version="1.0" encoding="UTF-8"?>
<!-- Generated by org.testng.reporters.JUnitXMLReporter -->
<testsuite hostname="Binit-PC" name="CheckingAllfunsn" tests="4" failures="0" timestamp="27 Jul 2016 19:03:00 GMT" time="88.632" errors="0">
  <testcase name="userRes" time="24.18" classname="com.orangehrm.test.NewUserReg"/>
  <testcase name="userlogin" time="2.876" classname="com.orangehrm.test.UserLogin"/>
  <testcase name="admin_login" time="3.256" classname="com.orangehrm.test.AdminLoginTest"/>
  <testcase name="emp_res" time="4.261" classname="com.orangehrm.test.EmployeeRegTest"/>
</testsuite> <!-- CheckingAllfunsn -->
